[2024-11-07T09:00:53.870+0000] {taskinstance.py:1956} INFO - Dependencies all met for dep_context=non-requeueable deps ti=<TaskInstance: openweatherdata_dag.task_3 manual__2024-11-07T09:00:44.792388+00:00 [queued]>
[2024-11-07T09:00:53.887+0000] {taskinstance.py:1956} INFO - Dependencies all met for dep_context=requeueable deps ti=<TaskInstance: openweatherdata_dag.task_3 manual__2024-11-07T09:00:44.792388+00:00 [queued]>
[2024-11-07T09:00:53.887+0000] {taskinstance.py:2170} INFO - Starting attempt 1 of 1
[2024-11-07T09:00:53.915+0000] {taskinstance.py:2191} INFO - Executing <Task(PythonOperator): task_3> on 2024-11-07 09:00:44.792388+00:00
[2024-11-07T09:00:53.933+0000] {standard_task_runner.py:60} INFO - Started process 386 to run task
[2024-11-07T09:00:53.939+0000] {standard_task_runner.py:87} INFO - Running: ['***', 'tasks', 'run', 'openweatherdata_dag', 'task_3', 'manual__2024-11-07T09:00:44.792388+00:00', '--job-id', '144', '--raw', '--subdir', 'DAGS_FOLDER/model_meteo.py', '--cfg-path', '/tmp/tmpu4z__0pk']
[2024-11-07T09:00:53.941+0000] {standard_task_runner.py:88} INFO - Job 144: Subtask task_3
[2024-11-07T09:00:53.965+0000] {warnings.py:109} WARNING - /home/***/.local/lib/python3.8/site-packages/***/settings.py:194: DeprecationWarning: The sql_alchemy_conn option in [core] has been moved to the sql_alchemy_conn option in [database] - the old setting has been used, but please update your config.
  SQL_ALCHEMY_CONN = conf.get("database", "SQL_ALCHEMY_CONN")

[2024-11-07T09:00:54.031+0000] {task_command.py:423} INFO - Running <TaskInstance: openweatherdata_dag.task_3 manual__2024-11-07T09:00:44.792388+00:00 [running]> on host 8a2ba9ce15fe
[2024-11-07T09:00:54.178+0000] {taskinstance.py:2480} INFO - Exporting env vars: AIRFLOW_CTX_DAG_OWNER='***' AIRFLOW_CTX_DAG_ID='openweatherdata_dag' AIRFLOW_CTX_TASK_ID='task_3' AIRFLOW_CTX_EXECUTION_DATE='2024-11-07T09:00:44.792388+00:00' AIRFLOW_CTX_TRY_NUMBER='1' AIRFLOW_CTX_DAG_RUN_ID='manual__2024-11-07T09:00:44.792388+00:00'
[2024-11-07T09:00:54.203+0000] {logging_mixin.py:188} INFO -     temperature        city  pression              date
0       284.54       Paris      1030  2024-11-07 09:11
1       283.52      London      1031  2024-11-07 09:11
2       273.62  Washington      1030  2024-11-07 09:11
3       284.54       Paris      1030  2024-11-07 08:11
4       283.47      London      1031  2024-11-07 08:11
5       273.70  Washington      1030  2024-11-07 08:11
6       284.03       Paris      1029  2024-11-07 07:14
7       283.13      London      1031  2024-11-07 07:14
8       273.86  Washington      1029  2024-11-07 07:14
9       284.03       Paris      1029  2024-11-07 07:13
[2024-11-07T09:00:54.208+0000] {python.py:201} INFO - Done. Returned value was: None
[2024-11-07T09:00:54.224+0000] {taskinstance.py:1138} INFO - Marking task as SUCCESS. dag_id=openweatherdata_dag, task_id=task_3, execution_date=20241107T090044, start_date=20241107T090053, end_date=20241107T090054
[2024-11-07T09:00:54.275+0000] {local_task_job_runner.py:234} INFO - Task exited with return code 0
[2024-11-07T09:00:54.327+0000] {taskinstance.py:3280} INFO - 3 downstream tasks scheduled from follow-on schedule check
