[2024-11-07T07:58:37.287+0000] {taskinstance.py:1956} INFO - Dependencies all met for dep_context=non-requeueable deps ti=<TaskInstance: openweatherdata_dag.task_2 manual__2024-11-07T07:58:28.481383+00:00 [queued]>
[2024-11-07T07:58:37.304+0000] {taskinstance.py:1956} INFO - Dependencies all met for dep_context=requeueable deps ti=<TaskInstance: openweatherdata_dag.task_2 manual__2024-11-07T07:58:28.481383+00:00 [queued]>
[2024-11-07T07:58:37.305+0000] {taskinstance.py:2170} INFO - Starting attempt 1 of 1
[2024-11-07T07:58:37.331+0000] {taskinstance.py:2191} INFO - Executing <Task(PythonOperator): task_2> on 2024-11-07 07:58:28.481383+00:00
[2024-11-07T07:58:37.350+0000] {standard_task_runner.py:60} INFO - Started process 6942 to run task
[2024-11-07T07:58:37.356+0000] {standard_task_runner.py:87} INFO - Running: ['***', 'tasks', 'run', 'openweatherdata_dag', 'task_2', 'manual__2024-11-07T07:58:28.481383+00:00', '--job-id', '118', '--raw', '--subdir', 'DAGS_FOLDER/model_meteo.py', '--cfg-path', '/tmp/tmp_b2rsswq']
[2024-11-07T07:58:37.358+0000] {standard_task_runner.py:88} INFO - Job 118: Subtask task_2
[2024-11-07T07:58:37.379+0000] {warnings.py:109} WARNING - /home/***/.local/lib/python3.8/site-packages/***/settings.py:194: DeprecationWarning: The sql_alchemy_conn option in [core] has been moved to the sql_alchemy_conn option in [database] - the old setting has been used, but please update your config.
  SQL_ALCHEMY_CONN = conf.get("database", "SQL_ALCHEMY_CONN")

[2024-11-07T07:58:37.443+0000] {task_command.py:423} INFO - Running <TaskInstance: openweatherdata_dag.task_2 manual__2024-11-07T07:58:28.481383+00:00 [running]> on host 8a2ba9ce15fe
[2024-11-07T07:58:37.586+0000] {taskinstance.py:2480} INFO - Exporting env vars: AIRFLOW_CTX_DAG_OWNER='***' AIRFLOW_CTX_DAG_ID='openweatherdata_dag' AIRFLOW_CTX_TASK_ID='task_2' AIRFLOW_CTX_EXECUTION_DATE='2024-11-07T07:58:28.481383+00:00' AIRFLOW_CTX_TRY_NUMBER='1' AIRFLOW_CTX_DAG_RUN_ID='manual__2024-11-07T07:58:28.481383+00:00'
[2024-11-07T07:58:37.613+0000] {logging_mixin.py:188} INFO -     temperature        city  pression              date
0       284.03       Paris      1029  2024-11-07 07:14
1       283.13      London      1031  2024-11-07 07:14
2       273.86  Washington      1029  2024-11-07 07:14
3       284.03       Paris      1029  2024-11-07 07:13
4       283.13      London      1031  2024-11-07 07:13
5       273.86  Washington      1029  2024-11-07 07:13
6       284.03       Paris      1029  2024-11-07 07:12
7       283.13      London      1031  2024-11-07 07:12
8       273.86  Washington      1029  2024-11-07 07:12
9       284.10       Paris      1029  2024-11-07 07:11
[2024-11-07T07:58:37.618+0000] {python.py:201} INFO - Done. Returned value was: None
[2024-11-07T07:58:37.632+0000] {taskinstance.py:1138} INFO - Marking task as SUCCESS. dag_id=openweatherdata_dag, task_id=task_2, execution_date=20241107T075828, start_date=20241107T075837, end_date=20241107T075837
[2024-11-07T07:58:37.692+0000] {local_task_job_runner.py:234} INFO - Task exited with return code 0
[2024-11-07T07:58:37.720+0000] {taskinstance.py:3280} INFO - 0 downstream tasks scheduled from follow-on schedule check
