[2024-11-07T09:05:02.151+0000] {taskinstance.py:1956} INFO - Dependencies all met for dep_context=non-requeueable deps ti=<TaskInstance: openweatherdata_dag.task_3 manual__2024-11-07T09:04:53.106050+00:00 [queued]>
[2024-11-07T09:05:02.167+0000] {taskinstance.py:1956} INFO - Dependencies all met for dep_context=requeueable deps ti=<TaskInstance: openweatherdata_dag.task_3 manual__2024-11-07T09:04:53.106050+00:00 [queued]>
[2024-11-07T09:05:02.168+0000] {taskinstance.py:2170} INFO - Starting attempt 1 of 1
[2024-11-07T09:05:02.191+0000] {taskinstance.py:2191} INFO - Executing <Task(PythonOperator): task_3> on 2024-11-07 09:04:53.106050+00:00
[2024-11-07T09:05:02.206+0000] {standard_task_runner.py:60} INFO - Started process 583 to run task
[2024-11-07T09:05:02.212+0000] {standard_task_runner.py:87} INFO - Running: ['***', 'tasks', 'run', 'openweatherdata_dag', 'task_3', 'manual__2024-11-07T09:04:53.106050+00:00', '--job-id', '155', '--raw', '--subdir', 'DAGS_FOLDER/model_meteo.py', '--cfg-path', '/tmp/tmpkej5lct4']
[2024-11-07T09:05:02.213+0000] {standard_task_runner.py:88} INFO - Job 155: Subtask task_3
[2024-11-07T09:05:02.233+0000] {warnings.py:109} WARNING - /home/***/.local/lib/python3.8/site-packages/***/settings.py:194: DeprecationWarning: The sql_alchemy_conn option in [core] has been moved to the sql_alchemy_conn option in [database] - the old setting has been used, but please update your config.
  SQL_ALCHEMY_CONN = conf.get("database", "SQL_ALCHEMY_CONN")

[2024-11-07T09:05:02.304+0000] {task_command.py:423} INFO - Running <TaskInstance: openweatherdata_dag.task_3 manual__2024-11-07T09:04:53.106050+00:00 [running]> on host 8a2ba9ce15fe
[2024-11-07T09:05:02.436+0000] {taskinstance.py:2480} INFO - Exporting env vars: AIRFLOW_CTX_DAG_OWNER='***' AIRFLOW_CTX_DAG_ID='openweatherdata_dag' AIRFLOW_CTX_TASK_ID='task_3' AIRFLOW_CTX_EXECUTION_DATE='2024-11-07T09:04:53.106050+00:00' AIRFLOW_CTX_TRY_NUMBER='1' AIRFLOW_CTX_DAG_RUN_ID='manual__2024-11-07T09:04:53.106050+00:00'
[2024-11-07T09:05:02.474+0000] {logging_mixin.py:188} INFO -     temperature        city  pression                   date
0       284.54       Paris      1030       2024-11-07 09:11
1       283.52      London      1031       2024-11-07 09:11
2       273.62  Washington      1030       2024-11-07 09:11
3       284.54       Paris      1030  2024-11-07 09:11 copy
4       283.52      London      1031  2024-11-07 09:11 copy
5       273.75  Washington      1030  2024-11-07 09:11 copy
6       284.54       Paris      1030       2024-11-07 08:11
7       283.47      London      1031       2024-11-07 08:11
8       273.70  Washington      1030       2024-11-07 08:11
9       284.54       Paris      1030  2024-11-07 08:11 copy
[2024-11-07T09:05:02.485+0000] {python.py:201} INFO - Done. Returned value was: None
[2024-11-07T09:05:02.503+0000] {taskinstance.py:1138} INFO - Marking task as SUCCESS. dag_id=openweatherdata_dag, task_id=task_3, execution_date=20241107T090453, start_date=20241107T090502, end_date=20241107T090502
[2024-11-07T09:05:02.545+0000] {local_task_job_runner.py:234} INFO - Task exited with return code 0
[2024-11-07T09:05:02.590+0000] {taskinstance.py:3280} INFO - 3 downstream tasks scheduled from follow-on schedule check
