[2024-11-07T07:59:36.026+0000] {taskinstance.py:1956} INFO - Dependencies all met for dep_context=non-requeueable deps ti=<TaskInstance: openweatherdata_dag.task_3 manual__2024-11-07T07:59:28.503097+00:00 [queued]>
[2024-11-07T07:59:36.041+0000] {taskinstance.py:1956} INFO - Dependencies all met for dep_context=requeueable deps ti=<TaskInstance: openweatherdata_dag.task_3 manual__2024-11-07T07:59:28.503097+00:00 [queued]>
[2024-11-07T07:59:36.042+0000] {taskinstance.py:2170} INFO - Starting attempt 1 of 1
[2024-11-07T07:59:36.066+0000] {taskinstance.py:2191} INFO - Executing <Task(PythonOperator): task_3> on 2024-11-07 07:59:28.503097+00:00
[2024-11-07T07:59:36.081+0000] {standard_task_runner.py:60} INFO - Started process 7010 to run task
[2024-11-07T07:59:36.086+0000] {standard_task_runner.py:87} INFO - Running: ['***', 'tasks', 'run', 'openweatherdata_dag', 'task_3', 'manual__2024-11-07T07:59:28.503097+00:00', '--job-id', '124', '--raw', '--subdir', 'DAGS_FOLDER/model_meteo.py', '--cfg-path', '/tmp/tmpjq8cekgt']
[2024-11-07T07:59:36.089+0000] {standard_task_runner.py:88} INFO - Job 124: Subtask task_3
[2024-11-07T07:59:36.110+0000] {warnings.py:109} WARNING - /home/***/.local/lib/python3.8/site-packages/***/settings.py:194: DeprecationWarning: The sql_alchemy_conn option in [core] has been moved to the sql_alchemy_conn option in [database] - the old setting has been used, but please update your config.
  SQL_ALCHEMY_CONN = conf.get("database", "SQL_ALCHEMY_CONN")

[2024-11-07T07:59:36.173+0000] {task_command.py:423} INFO - Running <TaskInstance: openweatherdata_dag.task_3 manual__2024-11-07T07:59:28.503097+00:00 [running]> on host 8a2ba9ce15fe
[2024-11-07T07:59:36.340+0000] {taskinstance.py:2480} INFO - Exporting env vars: AIRFLOW_CTX_DAG_OWNER='***' AIRFLOW_CTX_DAG_ID='openweatherdata_dag' AIRFLOW_CTX_TASK_ID='task_3' AIRFLOW_CTX_EXECUTION_DATE='2024-11-07T07:59:28.503097+00:00' AIRFLOW_CTX_TRY_NUMBER='1' AIRFLOW_CTX_DAG_RUN_ID='manual__2024-11-07T07:59:28.503097+00:00'
[2024-11-07T07:59:36.366+0000] {logging_mixin.py:188} INFO -     temperature        city  pression              date
0       284.03       Paris      1029  2024-11-07 07:14
1       283.13      London      1031  2024-11-07 07:14
2       273.86  Washington      1029  2024-11-07 07:14
3       284.03       Paris      1029  2024-11-07 07:13
4       283.13      London      1031  2024-11-07 07:13
5       273.86  Washington      1029  2024-11-07 07:13
6       284.03       Paris      1029  2024-11-07 07:12
7       283.13      London      1031  2024-11-07 07:12
8       273.86  Washington      1029  2024-11-07 07:12
9       284.10       Paris      1029  2024-11-07 07:11
[2024-11-07T07:59:36.374+0000] {python.py:201} INFO - Done. Returned value was: None
[2024-11-07T07:59:36.414+0000] {taskinstance.py:1138} INFO - Marking task as SUCCESS. dag_id=openweatherdata_dag, task_id=task_3, execution_date=20241107T075928, start_date=20241107T075936, end_date=20241107T075936
[2024-11-07T07:59:36.521+0000] {local_task_job_runner.py:234} INFO - Task exited with return code 0
[2024-11-07T07:59:36.598+0000] {taskinstance.py:3280} INFO - 3 downstream tasks scheduled from follow-on schedule check
