[2024-11-07T08:56:51.747+0000] {taskinstance.py:1956} INFO - Dependencies all met for dep_context=non-requeueable deps ti=<TaskInstance: openweatherdata_dag.task_2 manual__2024-11-07T08:56:41.410393+00:00 [queued]>
[2024-11-07T08:56:51.764+0000] {taskinstance.py:1956} INFO - Dependencies all met for dep_context=requeueable deps ti=<TaskInstance: openweatherdata_dag.task_2 manual__2024-11-07T08:56:41.410393+00:00 [queued]>
[2024-11-07T08:56:51.765+0000] {taskinstance.py:2170} INFO - Starting attempt 1 of 1
[2024-11-07T08:56:51.787+0000] {taskinstance.py:2191} INFO - Executing <Task(PythonOperator): task_2> on 2024-11-07 08:56:41.410393+00:00
[2024-11-07T08:56:51.803+0000] {standard_task_runner.py:60} INFO - Started process 176 to run task
[2024-11-07T08:56:51.811+0000] {standard_task_runner.py:87} INFO - Running: ['***', 'tasks', 'run', 'openweatherdata_dag', 'task_2', 'manual__2024-11-07T08:56:41.410393+00:00', '--job-id', '132', '--raw', '--subdir', 'DAGS_FOLDER/model_meteo.py', '--cfg-path', '/tmp/tmphcqpaj5r']
[2024-11-07T08:56:51.813+0000] {standard_task_runner.py:88} INFO - Job 132: Subtask task_2
[2024-11-07T08:56:51.840+0000] {warnings.py:109} WARNING - /home/***/.local/lib/python3.8/site-packages/***/settings.py:194: DeprecationWarning: The sql_alchemy_conn option in [core] has been moved to the sql_alchemy_conn option in [database] - the old setting has been used, but please update your config.
  SQL_ALCHEMY_CONN = conf.get("database", "SQL_ALCHEMY_CONN")

[2024-11-07T08:56:51.902+0000] {task_command.py:423} INFO - Running <TaskInstance: openweatherdata_dag.task_2 manual__2024-11-07T08:56:41.410393+00:00 [running]> on host 8a2ba9ce15fe
[2024-11-07T08:56:52.043+0000] {taskinstance.py:2480} INFO - Exporting env vars: AIRFLOW_CTX_DAG_OWNER='***' AIRFLOW_CTX_DAG_ID='openweatherdata_dag' AIRFLOW_CTX_TASK_ID='task_2' AIRFLOW_CTX_EXECUTION_DATE='2024-11-07T08:56:41.410393+00:00' AIRFLOW_CTX_TRY_NUMBER='1' AIRFLOW_CTX_DAG_RUN_ID='manual__2024-11-07T08:56:41.410393+00:00'
[2024-11-07T08:56:52.072+0000] {logging_mixin.py:188} INFO -     temperature        city  pression              date
0       284.54       Paris      1030  2024-11-07 08:11
1       283.47      London      1031  2024-11-07 08:11
2       273.70  Washington      1030  2024-11-07 08:11
3       284.03       Paris      1029  2024-11-07 07:14
4       283.13      London      1031  2024-11-07 07:14
5       273.86  Washington      1029  2024-11-07 07:14
6       284.03       Paris      1029  2024-11-07 07:13
7       283.13      London      1031  2024-11-07 07:13
8       273.86  Washington      1029  2024-11-07 07:13
9       284.03       Paris      1029  2024-11-07 07:12
[2024-11-07T08:56:52.078+0000] {python.py:201} INFO - Done. Returned value was: None
[2024-11-07T08:56:52.101+0000] {taskinstance.py:1138} INFO - Marking task as SUCCESS. dag_id=openweatherdata_dag, task_id=task_2, execution_date=20241107T085641, start_date=20241107T085651, end_date=20241107T085652
[2024-11-07T08:56:52.183+0000] {local_task_job_runner.py:234} INFO - Task exited with return code 0
[2024-11-07T08:56:52.254+0000] {taskinstance.py:3280} INFO - 0 downstream tasks scheduled from follow-on schedule check
