[2024-11-06T06:01:29.808+0000] {processor.py:161} INFO - Started process (PID=2679) to work on /opt/airflow/dags/my_first_dag.py
[2024-11-06T06:01:29.809+0000] {processor.py:830} INFO - Processing file /opt/airflow/dags/my_first_dag.py for tasks to queue
[2024-11-06T06:01:29.812+0000] {logging_mixin.py:188} INFO - [2024-11-06T06:01:29.812+0000] {dagbag.py:538} INFO - Filling up the DagBag from /opt/airflow/dags/my_first_dag.py
[2024-11-06T06:01:29.820+0000] {processor.py:840} INFO - DAG(s) 'my_very_first_dag' retrieved from /opt/airflow/dags/my_first_dag.py
[2024-11-06T06:01:30.012+0000] {logging_mixin.py:188} INFO - [2024-11-06T06:01:30.011+0000] {override.py:1769} INFO - Created Permission View: can delete on DAG:my_very_first_dag
[2024-11-06T06:01:30.031+0000] {logging_mixin.py:188} INFO - [2024-11-06T06:01:30.030+0000] {override.py:1769} INFO - Created Permission View: can edit on DAG:my_very_first_dag
[2024-11-06T06:01:30.044+0000] {logging_mixin.py:188} INFO - [2024-11-06T06:01:30.043+0000] {override.py:1769} INFO - Created Permission View: can read on DAG:my_very_first_dag
[2024-11-06T06:01:30.044+0000] {logging_mixin.py:188} INFO - [2024-11-06T06:01:30.044+0000] {dag.py:3036} INFO - Sync 1 DAGs
[2024-11-06T06:01:30.067+0000] {logging_mixin.py:188} INFO - [2024-11-06T06:01:30.067+0000] {dag.py:3058} INFO - Creating ORM DAG for my_very_first_dag
[2024-11-06T06:01:30.068+0000] {logging_mixin.py:188} INFO - [2024-11-06T06:01:30.068+0000] {dag.py:3823} INFO - Setting next_dagrun for my_very_first_dag to None, run_after=None
[2024-11-06T06:01:30.099+0000] {processor.py:183} INFO - Processing /opt/airflow/dags/my_first_dag.py took 0.297 seconds
[2024-11-06T06:02:00.289+0000] {processor.py:161} INFO - Started process (PID=2752) to work on /opt/airflow/dags/my_first_dag.py
[2024-11-06T06:02:00.290+0000] {processor.py:830} INFO - Processing file /opt/airflow/dags/my_first_dag.py for tasks to queue
[2024-11-06T06:02:00.293+0000] {logging_mixin.py:188} INFO - [2024-11-06T06:02:00.293+0000] {dagbag.py:538} INFO - Filling up the DagBag from /opt/airflow/dags/my_first_dag.py
[2024-11-06T06:02:00.300+0000] {processor.py:840} INFO - DAG(s) 'my_very_first_dag' retrieved from /opt/airflow/dags/my_first_dag.py
[2024-11-06T06:02:00.326+0000] {logging_mixin.py:188} INFO - [2024-11-06T06:02:00.326+0000] {dag.py:3036} INFO - Sync 1 DAGs
[2024-11-06T06:02:00.346+0000] {logging_mixin.py:188} INFO - [2024-11-06T06:02:00.346+0000] {dag.py:3823} INFO - Setting next_dagrun for my_very_first_dag to None, run_after=None
[2024-11-06T06:02:00.377+0000] {processor.py:183} INFO - Processing /opt/airflow/dags/my_first_dag.py took 0.093 seconds
[2024-11-06T06:02:30.608+0000] {processor.py:161} INFO - Started process (PID=2820) to work on /opt/airflow/dags/my_first_dag.py
[2024-11-06T06:02:30.611+0000] {processor.py:830} INFO - Processing file /opt/airflow/dags/my_first_dag.py for tasks to queue
[2024-11-06T06:02:30.613+0000] {logging_mixin.py:188} INFO - [2024-11-06T06:02:30.613+0000] {dagbag.py:538} INFO - Filling up the DagBag from /opt/airflow/dags/my_first_dag.py
[2024-11-06T06:02:30.621+0000] {processor.py:840} INFO - DAG(s) 'my_very_first_dag' retrieved from /opt/airflow/dags/my_first_dag.py
[2024-11-06T06:02:30.656+0000] {logging_mixin.py:188} INFO - [2024-11-06T06:02:30.655+0000] {dag.py:3036} INFO - Sync 1 DAGs
[2024-11-06T06:02:30.679+0000] {logging_mixin.py:188} INFO - [2024-11-06T06:02:30.678+0000] {dag.py:3823} INFO - Setting next_dagrun for my_very_first_dag to None, run_after=None
[2024-11-06T06:02:30.715+0000] {processor.py:183} INFO - Processing /opt/airflow/dags/my_first_dag.py took 0.112 seconds
[2024-11-06T06:03:00.873+0000] {processor.py:161} INFO - Started process (PID=2885) to work on /opt/airflow/dags/my_first_dag.py
[2024-11-06T06:03:00.875+0000] {processor.py:830} INFO - Processing file /opt/airflow/dags/my_first_dag.py for tasks to queue
[2024-11-06T06:03:00.878+0000] {logging_mixin.py:188} INFO - [2024-11-06T06:03:00.877+0000] {dagbag.py:538} INFO - Filling up the DagBag from /opt/airflow/dags/my_first_dag.py
[2024-11-06T06:03:00.886+0000] {processor.py:840} INFO - DAG(s) 'my_very_first_dag' retrieved from /opt/airflow/dags/my_first_dag.py
[2024-11-06T06:03:00.932+0000] {logging_mixin.py:188} INFO - [2024-11-06T06:03:00.932+0000] {dag.py:3036} INFO - Sync 1 DAGs
[2024-11-06T06:03:00.959+0000] {logging_mixin.py:188} INFO - [2024-11-06T06:03:00.959+0000] {dag.py:3823} INFO - Setting next_dagrun for my_very_first_dag to None, run_after=None
[2024-11-06T06:03:01.005+0000] {processor.py:183} INFO - Processing /opt/airflow/dags/my_first_dag.py took 0.137 seconds
[2024-11-06T06:03:31.184+0000] {processor.py:161} INFO - Started process (PID=2953) to work on /opt/airflow/dags/my_first_dag.py
[2024-11-06T06:03:31.185+0000] {processor.py:830} INFO - Processing file /opt/airflow/dags/my_first_dag.py for tasks to queue
[2024-11-06T06:03:31.188+0000] {logging_mixin.py:188} INFO - [2024-11-06T06:03:31.188+0000] {dagbag.py:538} INFO - Filling up the DagBag from /opt/airflow/dags/my_first_dag.py
[2024-11-06T06:03:31.195+0000] {processor.py:840} INFO - DAG(s) 'my_very_first_dag' retrieved from /opt/airflow/dags/my_first_dag.py
[2024-11-06T06:03:31.224+0000] {logging_mixin.py:188} INFO - [2024-11-06T06:03:31.224+0000] {dag.py:3036} INFO - Sync 1 DAGs
[2024-11-06T06:03:31.245+0000] {logging_mixin.py:188} INFO - [2024-11-06T06:03:31.245+0000] {dag.py:3823} INFO - Setting next_dagrun for my_very_first_dag to None, run_after=None
[2024-11-06T06:03:31.275+0000] {processor.py:183} INFO - Processing /opt/airflow/dags/my_first_dag.py took 0.096 seconds
[2024-11-06T06:04:01.801+0000] {processor.py:161} INFO - Started process (PID=3018) to work on /opt/airflow/dags/my_first_dag.py
[2024-11-06T06:04:01.802+0000] {processor.py:830} INFO - Processing file /opt/airflow/dags/my_first_dag.py for tasks to queue
[2024-11-06T06:04:01.805+0000] {logging_mixin.py:188} INFO - [2024-11-06T06:04:01.804+0000] {dagbag.py:538} INFO - Filling up the DagBag from /opt/airflow/dags/my_first_dag.py
[2024-11-06T06:04:01.819+0000] {processor.py:840} INFO - DAG(s) 'my_very_first_dag' retrieved from /opt/airflow/dags/my_first_dag.py
[2024-11-06T06:04:01.855+0000] {logging_mixin.py:188} INFO - [2024-11-06T06:04:01.854+0000] {dag.py:3036} INFO - Sync 1 DAGs
[2024-11-06T06:04:01.881+0000] {logging_mixin.py:188} INFO - [2024-11-06T06:04:01.880+0000] {dag.py:3823} INFO - Setting next_dagrun for my_very_first_dag to None, run_after=None
[2024-11-06T06:04:01.917+0000] {processor.py:183} INFO - Processing /opt/airflow/dags/my_first_dag.py took 0.124 seconds
[2024-11-06T06:04:32.093+0000] {processor.py:161} INFO - Started process (PID=3081) to work on /opt/airflow/dags/my_first_dag.py
[2024-11-06T06:04:32.095+0000] {processor.py:830} INFO - Processing file /opt/airflow/dags/my_first_dag.py for tasks to queue
[2024-11-06T06:04:32.099+0000] {logging_mixin.py:188} INFO - [2024-11-06T06:04:32.098+0000] {dagbag.py:538} INFO - Filling up the DagBag from /opt/airflow/dags/my_first_dag.py
[2024-11-06T06:04:32.108+0000] {processor.py:840} INFO - DAG(s) 'my_very_first_dag' retrieved from /opt/airflow/dags/my_first_dag.py
[2024-11-06T06:04:32.146+0000] {logging_mixin.py:188} INFO - [2024-11-06T06:04:32.145+0000] {dag.py:3036} INFO - Sync 1 DAGs
[2024-11-06T06:04:32.195+0000] {logging_mixin.py:188} INFO - [2024-11-06T06:04:32.194+0000] {dag.py:3823} INFO - Setting next_dagrun for my_very_first_dag to None, run_after=None
[2024-11-06T06:04:32.233+0000] {processor.py:183} INFO - Processing /opt/airflow/dags/my_first_dag.py took 0.145 seconds
[2024-11-06T06:05:02.986+0000] {processor.py:161} INFO - Started process (PID=3147) to work on /opt/airflow/dags/my_first_dag.py
[2024-11-06T06:05:02.987+0000] {processor.py:830} INFO - Processing file /opt/airflow/dags/my_first_dag.py for tasks to queue
[2024-11-06T06:05:02.990+0000] {logging_mixin.py:188} INFO - [2024-11-06T06:05:02.989+0000] {dagbag.py:538} INFO - Filling up the DagBag from /opt/airflow/dags/my_first_dag.py
[2024-11-06T06:05:02.997+0000] {processor.py:840} INFO - DAG(s) 'my_very_first_dag' retrieved from /opt/airflow/dags/my_first_dag.py
[2024-11-06T06:05:03.027+0000] {logging_mixin.py:188} INFO - [2024-11-06T06:05:03.026+0000] {dag.py:3036} INFO - Sync 1 DAGs
[2024-11-06T06:05:03.045+0000] {logging_mixin.py:188} INFO - [2024-11-06T06:05:03.045+0000] {dag.py:3823} INFO - Setting next_dagrun for my_very_first_dag to None, run_after=None
[2024-11-06T06:05:03.072+0000] {processor.py:183} INFO - Processing /opt/airflow/dags/my_first_dag.py took 0.091 seconds
[2024-11-06T06:05:09.410+0000] {processor.py:161} INFO - Started process (PID=3172) to work on /opt/airflow/dags/my_first_dag.py
[2024-11-06T06:05:09.412+0000] {processor.py:830} INFO - Processing file /opt/airflow/dags/my_first_dag.py for tasks to queue
[2024-11-06T06:05:09.415+0000] {logging_mixin.py:188} INFO - [2024-11-06T06:05:09.414+0000] {dagbag.py:538} INFO - Filling up the DagBag from /opt/airflow/dags/my_first_dag.py
[2024-11-06T06:05:09.424+0000] {processor.py:840} INFO - DAG(s) 'my_very_first_dag' retrieved from /opt/airflow/dags/my_first_dag.py
[2024-11-06T06:05:09.458+0000] {logging_mixin.py:188} INFO - [2024-11-06T06:05:09.458+0000] {dag.py:3036} INFO - Sync 1 DAGs
[2024-11-06T06:05:09.483+0000] {logging_mixin.py:188} INFO - [2024-11-06T06:05:09.483+0000] {dag.py:3823} INFO - Setting next_dagrun for my_very_first_dag to None, run_after=None
[2024-11-06T06:05:09.520+0000] {processor.py:183} INFO - Processing /opt/airflow/dags/my_first_dag.py took 0.116 seconds
[2024-11-06T06:05:39.790+0000] {processor.py:161} INFO - Started process (PID=3238) to work on /opt/airflow/dags/my_first_dag.py
[2024-11-06T06:05:39.791+0000] {processor.py:830} INFO - Processing file /opt/airflow/dags/my_first_dag.py for tasks to queue
[2024-11-06T06:05:39.794+0000] {logging_mixin.py:188} INFO - [2024-11-06T06:05:39.794+0000] {dagbag.py:538} INFO - Filling up the DagBag from /opt/airflow/dags/my_first_dag.py
[2024-11-06T06:05:39.803+0000] {processor.py:840} INFO - DAG(s) 'my_very_first_dag' retrieved from /opt/airflow/dags/my_first_dag.py
[2024-11-06T06:05:39.844+0000] {logging_mixin.py:188} INFO - [2024-11-06T06:05:39.843+0000] {dag.py:3036} INFO - Sync 1 DAGs
[2024-11-06T06:05:39.868+0000] {logging_mixin.py:188} INFO - [2024-11-06T06:05:39.868+0000] {dag.py:3823} INFO - Setting next_dagrun for my_very_first_dag to None, run_after=None
[2024-11-06T06:05:39.902+0000] {processor.py:183} INFO - Processing /opt/airflow/dags/my_first_dag.py took 0.119 seconds
[2024-11-06T06:06:09.997+0000] {processor.py:161} INFO - Started process (PID=3304) to work on /opt/airflow/dags/my_first_dag.py
[2024-11-06T06:06:10.002+0000] {processor.py:830} INFO - Processing file /opt/airflow/dags/my_first_dag.py for tasks to queue
[2024-11-06T06:06:10.008+0000] {logging_mixin.py:188} INFO - [2024-11-06T06:06:10.008+0000] {dagbag.py:538} INFO - Filling up the DagBag from /opt/airflow/dags/my_first_dag.py
[2024-11-06T06:06:10.019+0000] {processor.py:840} INFO - DAG(s) 'my_very_first_dag' retrieved from /opt/airflow/dags/my_first_dag.py
[2024-11-06T06:06:10.054+0000] {logging_mixin.py:188} INFO - [2024-11-06T06:06:10.054+0000] {dag.py:3036} INFO - Sync 1 DAGs
[2024-11-06T06:06:10.079+0000] {logging_mixin.py:188} INFO - [2024-11-06T06:06:10.079+0000] {dag.py:3823} INFO - Setting next_dagrun for my_very_first_dag to None, run_after=None
[2024-11-06T06:06:10.317+0000] {processor.py:183} INFO - Processing /opt/airflow/dags/my_first_dag.py took 0.332 seconds
[2024-11-06T06:06:41.226+0000] {processor.py:161} INFO - Started process (PID=3369) to work on /opt/airflow/dags/my_first_dag.py
[2024-11-06T06:06:41.227+0000] {processor.py:830} INFO - Processing file /opt/airflow/dags/my_first_dag.py for tasks to queue
[2024-11-06T06:06:41.229+0000] {logging_mixin.py:188} INFO - [2024-11-06T06:06:41.229+0000] {dagbag.py:538} INFO - Filling up the DagBag from /opt/airflow/dags/my_first_dag.py
[2024-11-06T06:06:41.236+0000] {processor.py:840} INFO - DAG(s) 'my_very_first_dag' retrieved from /opt/airflow/dags/my_first_dag.py
[2024-11-06T06:06:41.264+0000] {logging_mixin.py:188} INFO - [2024-11-06T06:06:41.264+0000] {dag.py:3036} INFO - Sync 1 DAGs
[2024-11-06T06:06:41.283+0000] {logging_mixin.py:188} INFO - [2024-11-06T06:06:41.283+0000] {dag.py:3823} INFO - Setting next_dagrun for my_very_first_dag to None, run_after=None
[2024-11-06T06:06:41.310+0000] {processor.py:183} INFO - Processing /opt/airflow/dags/my_first_dag.py took 0.089 seconds
[2024-11-06T06:07:11.914+0000] {processor.py:161} INFO - Started process (PID=3435) to work on /opt/airflow/dags/my_first_dag.py
[2024-11-06T06:07:11.916+0000] {processor.py:830} INFO - Processing file /opt/airflow/dags/my_first_dag.py for tasks to queue
[2024-11-06T06:07:11.918+0000] {logging_mixin.py:188} INFO - [2024-11-06T06:07:11.918+0000] {dagbag.py:538} INFO - Filling up the DagBag from /opt/airflow/dags/my_first_dag.py
[2024-11-06T06:07:11.926+0000] {processor.py:840} INFO - DAG(s) 'my_very_first_dag' retrieved from /opt/airflow/dags/my_first_dag.py
[2024-11-06T06:07:11.957+0000] {logging_mixin.py:188} INFO - [2024-11-06T06:07:11.956+0000] {dag.py:3036} INFO - Sync 1 DAGs
[2024-11-06T06:07:11.976+0000] {logging_mixin.py:188} INFO - [2024-11-06T06:07:11.975+0000] {dag.py:3823} INFO - Setting next_dagrun for my_very_first_dag to None, run_after=None
[2024-11-06T06:07:12.004+0000] {processor.py:183} INFO - Processing /opt/airflow/dags/my_first_dag.py took 0.096 seconds
[2024-11-06T06:07:42.192+0000] {processor.py:161} INFO - Started process (PID=3501) to work on /opt/airflow/dags/my_first_dag.py
[2024-11-06T06:07:42.194+0000] {processor.py:830} INFO - Processing file /opt/airflow/dags/my_first_dag.py for tasks to queue
[2024-11-06T06:07:42.196+0000] {logging_mixin.py:188} INFO - [2024-11-06T06:07:42.196+0000] {dagbag.py:538} INFO - Filling up the DagBag from /opt/airflow/dags/my_first_dag.py
[2024-11-06T06:07:42.203+0000] {processor.py:840} INFO - DAG(s) 'my_very_first_dag' retrieved from /opt/airflow/dags/my_first_dag.py
[2024-11-06T06:07:42.230+0000] {logging_mixin.py:188} INFO - [2024-11-06T06:07:42.230+0000] {dag.py:3036} INFO - Sync 1 DAGs
[2024-11-06T06:07:42.417+0000] {logging_mixin.py:188} INFO - [2024-11-06T06:07:42.416+0000] {dag.py:3823} INFO - Setting next_dagrun for my_very_first_dag to None, run_after=None
[2024-11-06T06:07:42.441+0000] {processor.py:183} INFO - Processing /opt/airflow/dags/my_first_dag.py took 0.253 seconds
[2024-11-06T06:08:12.982+0000] {processor.py:161} INFO - Started process (PID=3565) to work on /opt/airflow/dags/my_first_dag.py
[2024-11-06T06:08:12.984+0000] {processor.py:830} INFO - Processing file /opt/airflow/dags/my_first_dag.py for tasks to queue
[2024-11-06T06:08:12.987+0000] {logging_mixin.py:188} INFO - [2024-11-06T06:08:12.987+0000] {dagbag.py:538} INFO - Filling up the DagBag from /opt/airflow/dags/my_first_dag.py
[2024-11-06T06:08:12.995+0000] {processor.py:840} INFO - DAG(s) 'my_very_first_dag' retrieved from /opt/airflow/dags/my_first_dag.py
[2024-11-06T06:08:13.027+0000] {logging_mixin.py:188} INFO - [2024-11-06T06:08:13.027+0000] {dag.py:3036} INFO - Sync 1 DAGs
[2024-11-06T06:08:13.051+0000] {logging_mixin.py:188} INFO - [2024-11-06T06:08:13.051+0000] {dag.py:3823} INFO - Setting next_dagrun for my_very_first_dag to None, run_after=None
[2024-11-06T06:08:13.085+0000] {processor.py:183} INFO - Processing /opt/airflow/dags/my_first_dag.py took 0.108 seconds
[2024-11-06T06:08:43.445+0000] {processor.py:161} INFO - Started process (PID=3630) to work on /opt/airflow/dags/my_first_dag.py
[2024-11-06T06:08:43.446+0000] {processor.py:830} INFO - Processing file /opt/airflow/dags/my_first_dag.py for tasks to queue
[2024-11-06T06:08:43.448+0000] {logging_mixin.py:188} INFO - [2024-11-06T06:08:43.448+0000] {dagbag.py:538} INFO - Filling up the DagBag from /opt/airflow/dags/my_first_dag.py
[2024-11-06T06:08:43.455+0000] {processor.py:840} INFO - DAG(s) 'my_very_first_dag' retrieved from /opt/airflow/dags/my_first_dag.py
[2024-11-06T06:08:43.489+0000] {logging_mixin.py:188} INFO - [2024-11-06T06:08:43.489+0000] {dag.py:3036} INFO - Sync 1 DAGs
[2024-11-06T06:08:43.527+0000] {logging_mixin.py:188} INFO - [2024-11-06T06:08:43.527+0000] {dag.py:3823} INFO - Setting next_dagrun for my_very_first_dag to None, run_after=None
[2024-11-06T06:08:43.556+0000] {processor.py:183} INFO - Processing /opt/airflow/dags/my_first_dag.py took 0.117 seconds
[2024-11-06T06:09:13.732+0000] {processor.py:161} INFO - Started process (PID=3696) to work on /opt/airflow/dags/my_first_dag.py
[2024-11-06T06:09:13.734+0000] {processor.py:830} INFO - Processing file /opt/airflow/dags/my_first_dag.py for tasks to queue
[2024-11-06T06:09:13.736+0000] {logging_mixin.py:188} INFO - [2024-11-06T06:09:13.736+0000] {dagbag.py:538} INFO - Filling up the DagBag from /opt/airflow/dags/my_first_dag.py
[2024-11-06T06:09:13.744+0000] {processor.py:840} INFO - DAG(s) 'my_very_first_dag' retrieved from /opt/airflow/dags/my_first_dag.py
[2024-11-06T06:09:13.776+0000] {logging_mixin.py:188} INFO - [2024-11-06T06:09:13.775+0000] {dag.py:3036} INFO - Sync 1 DAGs
[2024-11-06T06:09:13.980+0000] {logging_mixin.py:188} INFO - [2024-11-06T06:09:13.980+0000] {dag.py:3823} INFO - Setting next_dagrun for my_very_first_dag to None, run_after=None
[2024-11-06T06:09:14.008+0000] {processor.py:183} INFO - Processing /opt/airflow/dags/my_first_dag.py took 0.281 seconds
[2024-11-06T06:09:44.818+0000] {processor.py:161} INFO - Started process (PID=3761) to work on /opt/airflow/dags/my_first_dag.py
[2024-11-06T06:09:44.820+0000] {processor.py:830} INFO - Processing file /opt/airflow/dags/my_first_dag.py for tasks to queue
[2024-11-06T06:09:44.823+0000] {logging_mixin.py:188} INFO - [2024-11-06T06:09:44.823+0000] {dagbag.py:538} INFO - Filling up the DagBag from /opt/airflow/dags/my_first_dag.py
[2024-11-06T06:09:44.831+0000] {processor.py:840} INFO - DAG(s) 'my_very_first_dag' retrieved from /opt/airflow/dags/my_first_dag.py
[2024-11-06T06:09:44.870+0000] {logging_mixin.py:188} INFO - [2024-11-06T06:09:44.869+0000] {dag.py:3036} INFO - Sync 1 DAGs
[2024-11-06T06:09:44.890+0000] {logging_mixin.py:188} INFO - [2024-11-06T06:09:44.890+0000] {dag.py:3823} INFO - Setting next_dagrun for my_very_first_dag to None, run_after=None
[2024-11-06T06:09:44.923+0000] {processor.py:183} INFO - Processing /opt/airflow/dags/my_first_dag.py took 0.114 seconds
[2024-11-06T06:10:15.588+0000] {processor.py:161} INFO - Started process (PID=3827) to work on /opt/airflow/dags/my_first_dag.py
[2024-11-06T06:10:15.590+0000] {processor.py:830} INFO - Processing file /opt/airflow/dags/my_first_dag.py for tasks to queue
[2024-11-06T06:10:15.592+0000] {logging_mixin.py:188} INFO - [2024-11-06T06:10:15.592+0000] {dagbag.py:538} INFO - Filling up the DagBag from /opt/airflow/dags/my_first_dag.py
[2024-11-06T06:10:15.600+0000] {processor.py:840} INFO - DAG(s) 'my_very_first_dag' retrieved from /opt/airflow/dags/my_first_dag.py
[2024-11-06T06:10:15.633+0000] {logging_mixin.py:188} INFO - [2024-11-06T06:10:15.632+0000] {dag.py:3036} INFO - Sync 1 DAGs
[2024-11-06T06:10:15.657+0000] {logging_mixin.py:188} INFO - [2024-11-06T06:10:15.657+0000] {dag.py:3823} INFO - Setting next_dagrun for my_very_first_dag to None, run_after=None
[2024-11-06T06:10:15.692+0000] {processor.py:183} INFO - Processing /opt/airflow/dags/my_first_dag.py took 0.109 seconds
[2024-11-06T06:10:45.879+0000] {processor.py:161} INFO - Started process (PID=3893) to work on /opt/airflow/dags/my_first_dag.py
[2024-11-06T06:10:45.881+0000] {processor.py:830} INFO - Processing file /opt/airflow/dags/my_first_dag.py for tasks to queue
[2024-11-06T06:10:45.884+0000] {logging_mixin.py:188} INFO - [2024-11-06T06:10:45.883+0000] {dagbag.py:538} INFO - Filling up the DagBag from /opt/airflow/dags/my_first_dag.py
[2024-11-06T06:10:45.891+0000] {processor.py:840} INFO - DAG(s) 'my_very_first_dag' retrieved from /opt/airflow/dags/my_first_dag.py
[2024-11-06T06:10:45.924+0000] {logging_mixin.py:188} INFO - [2024-11-06T06:10:45.923+0000] {dag.py:3036} INFO - Sync 1 DAGs
[2024-11-06T06:10:45.944+0000] {logging_mixin.py:188} INFO - [2024-11-06T06:10:45.944+0000] {dag.py:3823} INFO - Setting next_dagrun for my_very_first_dag to None, run_after=None
[2024-11-06T06:10:45.977+0000] {processor.py:183} INFO - Processing /opt/airflow/dags/my_first_dag.py took 0.104 seconds
[2024-11-06T06:11:16.158+0000] {processor.py:161} INFO - Started process (PID=3959) to work on /opt/airflow/dags/my_first_dag.py
[2024-11-06T06:11:16.165+0000] {processor.py:830} INFO - Processing file /opt/airflow/dags/my_first_dag.py for tasks to queue
[2024-11-06T06:11:16.173+0000] {logging_mixin.py:188} INFO - [2024-11-06T06:11:16.173+0000] {dagbag.py:538} INFO - Filling up the DagBag from /opt/airflow/dags/my_first_dag.py
[2024-11-06T06:11:16.188+0000] {processor.py:840} INFO - DAG(s) 'my_very_first_dag' retrieved from /opt/airflow/dags/my_first_dag.py
[2024-11-06T06:11:16.277+0000] {logging_mixin.py:188} INFO - [2024-11-06T06:11:16.276+0000] {dag.py:3036} INFO - Sync 1 DAGs
[2024-11-06T06:11:16.326+0000] {logging_mixin.py:188} INFO - [2024-11-06T06:11:16.326+0000] {dag.py:3823} INFO - Setting next_dagrun for my_very_first_dag to None, run_after=None
[2024-11-06T06:11:16.381+0000] {processor.py:183} INFO - Processing /opt/airflow/dags/my_first_dag.py took 0.228 seconds
[2024-11-06T06:11:47.021+0000] {processor.py:161} INFO - Started process (PID=4025) to work on /opt/airflow/dags/my_first_dag.py
[2024-11-06T06:11:47.023+0000] {processor.py:830} INFO - Processing file /opt/airflow/dags/my_first_dag.py for tasks to queue
[2024-11-06T06:11:47.027+0000] {logging_mixin.py:188} INFO - [2024-11-06T06:11:47.026+0000] {dagbag.py:538} INFO - Filling up the DagBag from /opt/airflow/dags/my_first_dag.py
[2024-11-06T06:11:47.036+0000] {processor.py:840} INFO - DAG(s) 'my_very_first_dag' retrieved from /opt/airflow/dags/my_first_dag.py
[2024-11-06T06:11:47.131+0000] {logging_mixin.py:188} INFO - [2024-11-06T06:11:47.130+0000] {dag.py:3036} INFO - Sync 1 DAGs
[2024-11-06T06:11:47.173+0000] {logging_mixin.py:188} INFO - [2024-11-06T06:11:47.173+0000] {dag.py:3823} INFO - Setting next_dagrun for my_very_first_dag to None, run_after=None
[2024-11-06T06:11:47.225+0000] {processor.py:183} INFO - Processing /opt/airflow/dags/my_first_dag.py took 0.226 seconds
[2024-11-06T06:12:17.761+0000] {processor.py:161} INFO - Started process (PID=4091) to work on /opt/airflow/dags/my_first_dag.py
[2024-11-06T06:12:17.763+0000] {processor.py:830} INFO - Processing file /opt/airflow/dags/my_first_dag.py for tasks to queue
[2024-11-06T06:12:17.766+0000] {logging_mixin.py:188} INFO - [2024-11-06T06:12:17.765+0000] {dagbag.py:538} INFO - Filling up the DagBag from /opt/airflow/dags/my_first_dag.py
[2024-11-06T06:12:17.780+0000] {processor.py:840} INFO - DAG(s) 'my_very_first_dag' retrieved from /opt/airflow/dags/my_first_dag.py
[2024-11-06T06:12:17.833+0000] {logging_mixin.py:188} INFO - [2024-11-06T06:12:17.833+0000] {dag.py:3036} INFO - Sync 1 DAGs
[2024-11-06T06:12:17.860+0000] {logging_mixin.py:188} INFO - [2024-11-06T06:12:17.860+0000] {dag.py:3823} INFO - Setting next_dagrun for my_very_first_dag to None, run_after=None
[2024-11-06T06:12:17.896+0000] {processor.py:183} INFO - Processing /opt/airflow/dags/my_first_dag.py took 0.141 seconds
[2024-11-06T06:12:48.221+0000] {processor.py:161} INFO - Started process (PID=4158) to work on /opt/airflow/dags/my_first_dag.py
[2024-11-06T06:12:48.223+0000] {processor.py:830} INFO - Processing file /opt/airflow/dags/my_first_dag.py for tasks to queue
[2024-11-06T06:12:48.226+0000] {logging_mixin.py:188} INFO - [2024-11-06T06:12:48.225+0000] {dagbag.py:538} INFO - Filling up the DagBag from /opt/airflow/dags/my_first_dag.py
[2024-11-06T06:12:48.233+0000] {processor.py:840} INFO - DAG(s) 'my_very_first_dag' retrieved from /opt/airflow/dags/my_first_dag.py
[2024-11-06T06:12:48.271+0000] {logging_mixin.py:188} INFO - [2024-11-06T06:12:48.270+0000] {dag.py:3036} INFO - Sync 1 DAGs
[2024-11-06T06:12:48.293+0000] {logging_mixin.py:188} INFO - [2024-11-06T06:12:48.292+0000] {dag.py:3823} INFO - Setting next_dagrun for my_very_first_dag to None, run_after=None
[2024-11-06T06:12:48.323+0000] {processor.py:183} INFO - Processing /opt/airflow/dags/my_first_dag.py took 0.106 seconds
[2024-11-06T06:13:07.781+0000] {processor.py:161} INFO - Started process (PID=4184) to work on /opt/airflow/dags/my_first_dag.py
[2024-11-06T06:13:07.783+0000] {processor.py:830} INFO - Processing file /opt/airflow/dags/my_first_dag.py for tasks to queue
[2024-11-06T06:13:07.787+0000] {logging_mixin.py:188} INFO - [2024-11-06T06:13:07.786+0000] {dagbag.py:538} INFO - Filling up the DagBag from /opt/airflow/dags/my_first_dag.py
[2024-11-06T06:13:07.810+0000] {processor.py:840} INFO - DAG(s) 'my_very_first_dag' retrieved from /opt/airflow/dags/my_first_dag.py
[2024-11-06T06:13:07.988+0000] {logging_mixin.py:188} INFO - [2024-11-06T06:13:07.987+0000] {dag.py:3036} INFO - Sync 1 DAGs
[2024-11-06T06:13:08.004+0000] {logging_mixin.py:188} INFO - [2024-11-06T06:13:08.004+0000] {dag.py:3823} INFO - Setting next_dagrun for my_very_first_dag to None, run_after=None
[2024-11-06T06:13:08.037+0000] {processor.py:183} INFO - Processing /opt/airflow/dags/my_first_dag.py took 0.266 seconds
[2024-11-06T06:13:38.348+0000] {processor.py:161} INFO - Started process (PID=4250) to work on /opt/airflow/dags/my_first_dag.py
[2024-11-06T06:13:38.350+0000] {processor.py:830} INFO - Processing file /opt/airflow/dags/my_first_dag.py for tasks to queue
[2024-11-06T06:13:38.353+0000] {logging_mixin.py:188} INFO - [2024-11-06T06:13:38.352+0000] {dagbag.py:538} INFO - Filling up the DagBag from /opt/airflow/dags/my_first_dag.py
[2024-11-06T06:13:38.363+0000] {processor.py:840} INFO - DAG(s) 'my_very_first_dag' retrieved from /opt/airflow/dags/my_first_dag.py
[2024-11-06T06:13:38.404+0000] {logging_mixin.py:188} INFO - [2024-11-06T06:13:38.403+0000] {dag.py:3036} INFO - Sync 1 DAGs
[2024-11-06T06:13:38.449+0000] {logging_mixin.py:188} INFO - [2024-11-06T06:13:38.448+0000] {dag.py:3823} INFO - Setting next_dagrun for my_very_first_dag to None, run_after=None
[2024-11-06T06:13:38.490+0000] {processor.py:183} INFO - Processing /opt/airflow/dags/my_first_dag.py took 0.151 seconds
[2024-11-06T06:14:08.777+0000] {processor.py:161} INFO - Started process (PID=4326) to work on /opt/airflow/dags/my_first_dag.py
[2024-11-06T06:14:08.779+0000] {processor.py:830} INFO - Processing file /opt/airflow/dags/my_first_dag.py for tasks to queue
[2024-11-06T06:14:08.782+0000] {logging_mixin.py:188} INFO - [2024-11-06T06:14:08.781+0000] {dagbag.py:538} INFO - Filling up the DagBag from /opt/airflow/dags/my_first_dag.py
[2024-11-06T06:14:08.792+0000] {processor.py:840} INFO - DAG(s) 'my_very_first_dag' retrieved from /opt/airflow/dags/my_first_dag.py
[2024-11-06T06:14:08.833+0000] {logging_mixin.py:188} INFO - [2024-11-06T06:14:08.832+0000] {dag.py:3036} INFO - Sync 1 DAGs
[2024-11-06T06:14:08.861+0000] {logging_mixin.py:188} INFO - [2024-11-06T06:14:08.860+0000] {dag.py:3823} INFO - Setting next_dagrun for my_very_first_dag to None, run_after=None
[2024-11-06T06:14:08.897+0000] {processor.py:183} INFO - Processing /opt/airflow/dags/my_first_dag.py took 0.127 seconds
[2024-11-06T06:14:39.035+0000] {processor.py:161} INFO - Started process (PID=4393) to work on /opt/airflow/dags/my_first_dag.py
[2024-11-06T06:14:39.037+0000] {processor.py:830} INFO - Processing file /opt/airflow/dags/my_first_dag.py for tasks to queue
[2024-11-06T06:14:39.040+0000] {logging_mixin.py:188} INFO - [2024-11-06T06:14:39.039+0000] {dagbag.py:538} INFO - Filling up the DagBag from /opt/airflow/dags/my_first_dag.py
[2024-11-06T06:14:39.050+0000] {processor.py:840} INFO - DAG(s) 'my_very_first_dag' retrieved from /opt/airflow/dags/my_first_dag.py
[2024-11-06T06:14:39.083+0000] {logging_mixin.py:188} INFO - [2024-11-06T06:14:39.083+0000] {dag.py:3036} INFO - Sync 1 DAGs
[2024-11-06T06:14:39.104+0000] {logging_mixin.py:188} INFO - [2024-11-06T06:14:39.104+0000] {dag.py:3823} INFO - Setting next_dagrun for my_very_first_dag to None, run_after=None
[2024-11-06T06:14:39.136+0000] {processor.py:183} INFO - Processing /opt/airflow/dags/my_first_dag.py took 0.106 seconds
[2024-11-06T06:15:09.560+0000] {processor.py:161} INFO - Started process (PID=4459) to work on /opt/airflow/dags/my_first_dag.py
[2024-11-06T06:15:09.562+0000] {processor.py:830} INFO - Processing file /opt/airflow/dags/my_first_dag.py for tasks to queue
[2024-11-06T06:15:09.565+0000] {logging_mixin.py:188} INFO - [2024-11-06T06:15:09.565+0000] {dagbag.py:538} INFO - Filling up the DagBag from /opt/airflow/dags/my_first_dag.py
[2024-11-06T06:15:09.576+0000] {processor.py:840} INFO - DAG(s) 'my_very_first_dag' retrieved from /opt/airflow/dags/my_first_dag.py
[2024-11-06T06:15:09.615+0000] {logging_mixin.py:188} INFO - [2024-11-06T06:15:09.615+0000] {dag.py:3036} INFO - Sync 1 DAGs
[2024-11-06T06:15:09.642+0000] {logging_mixin.py:188} INFO - [2024-11-06T06:15:09.641+0000] {dag.py:3823} INFO - Setting next_dagrun for my_very_first_dag to None, run_after=None
[2024-11-06T06:15:09.681+0000] {processor.py:183} INFO - Processing /opt/airflow/dags/my_first_dag.py took 0.128 seconds
[2024-11-06T06:15:16.531+0000] {processor.py:161} INFO - Started process (PID=4475) to work on /opt/airflow/dags/my_first_dag.py
[2024-11-06T06:15:16.533+0000] {processor.py:830} INFO - Processing file /opt/airflow/dags/my_first_dag.py for tasks to queue
[2024-11-06T06:15:16.536+0000] {logging_mixin.py:188} INFO - [2024-11-06T06:15:16.535+0000] {dagbag.py:538} INFO - Filling up the DagBag from /opt/airflow/dags/my_first_dag.py
[2024-11-06T06:15:16.546+0000] {processor.py:840} INFO - DAG(s) 'my_very_first_dag' retrieved from /opt/airflow/dags/my_first_dag.py
[2024-11-06T06:15:16.580+0000] {logging_mixin.py:188} INFO - [2024-11-06T06:15:16.580+0000] {dag.py:3036} INFO - Sync 1 DAGs
[2024-11-06T06:15:16.604+0000] {logging_mixin.py:188} INFO - [2024-11-06T06:15:16.604+0000] {dag.py:3823} INFO - Setting next_dagrun for my_very_first_dag to None, run_after=None
[2024-11-06T06:15:16.641+0000] {processor.py:183} INFO - Processing /opt/airflow/dags/my_first_dag.py took 0.115 seconds
[2024-11-06T06:15:21.261+0000] {processor.py:161} INFO - Started process (PID=4493) to work on /opt/airflow/dags/my_first_dag.py
[2024-11-06T06:15:21.262+0000] {processor.py:830} INFO - Processing file /opt/airflow/dags/my_first_dag.py for tasks to queue
[2024-11-06T06:15:21.264+0000] {logging_mixin.py:188} INFO - [2024-11-06T06:15:21.264+0000] {dagbag.py:538} INFO - Filling up the DagBag from /opt/airflow/dags/my_first_dag.py
[2024-11-06T06:15:21.276+0000] {processor.py:840} INFO - DAG(s) 'my_very_first_dag' retrieved from /opt/airflow/dags/my_first_dag.py
[2024-11-06T06:15:21.309+0000] {logging_mixin.py:188} INFO - [2024-11-06T06:15:21.309+0000] {dag.py:3036} INFO - Sync 1 DAGs
[2024-11-06T06:15:21.331+0000] {logging_mixin.py:188} INFO - [2024-11-06T06:15:21.330+0000] {dag.py:3823} INFO - Setting next_dagrun for my_very_first_dag to None, run_after=None
[2024-11-06T06:15:21.369+0000] {processor.py:183} INFO - Processing /opt/airflow/dags/my_first_dag.py took 0.114 seconds
[2024-11-06T06:15:24.347+0000] {processor.py:161} INFO - Started process (PID=4502) to work on /opt/airflow/dags/my_first_dag.py
[2024-11-06T06:15:24.349+0000] {processor.py:830} INFO - Processing file /opt/airflow/dags/my_first_dag.py for tasks to queue
[2024-11-06T06:15:24.352+0000] {logging_mixin.py:188} INFO - [2024-11-06T06:15:24.351+0000] {dagbag.py:538} INFO - Filling up the DagBag from /opt/airflow/dags/my_first_dag.py
[2024-11-06T06:15:24.366+0000] {processor.py:840} INFO - DAG(s) 'my_very_first_dag' retrieved from /opt/airflow/dags/my_first_dag.py
[2024-11-06T06:15:24.417+0000] {logging_mixin.py:188} INFO - [2024-11-06T06:15:24.416+0000] {dag.py:3036} INFO - Sync 1 DAGs
[2024-11-06T06:15:24.447+0000] {logging_mixin.py:188} INFO - [2024-11-06T06:15:24.446+0000] {dag.py:3823} INFO - Setting next_dagrun for my_very_first_dag to None, run_after=None
[2024-11-06T06:15:24.486+0000] {processor.py:183} INFO - Processing /opt/airflow/dags/my_first_dag.py took 0.145 seconds
[2024-11-06T06:15:55.319+0000] {processor.py:161} INFO - Started process (PID=4569) to work on /opt/airflow/dags/my_first_dag.py
[2024-11-06T06:15:55.325+0000] {processor.py:830} INFO - Processing file /opt/airflow/dags/my_first_dag.py for tasks to queue
[2024-11-06T06:15:55.328+0000] {logging_mixin.py:188} INFO - [2024-11-06T06:15:55.328+0000] {dagbag.py:538} INFO - Filling up the DagBag from /opt/airflow/dags/my_first_dag.py
[2024-11-06T06:15:55.343+0000] {processor.py:840} INFO - DAG(s) 'my_very_first_dag' retrieved from /opt/airflow/dags/my_first_dag.py
[2024-11-06T06:15:55.384+0000] {logging_mixin.py:188} INFO - [2024-11-06T06:15:55.384+0000] {dag.py:3036} INFO - Sync 1 DAGs
[2024-11-06T06:15:55.413+0000] {logging_mixin.py:188} INFO - [2024-11-06T06:15:55.413+0000] {dag.py:3823} INFO - Setting next_dagrun for my_very_first_dag to None, run_after=None
[2024-11-06T06:15:55.462+0000] {processor.py:183} INFO - Processing /opt/airflow/dags/my_first_dag.py took 0.149 seconds
[2024-11-06T06:16:25.701+0000] {processor.py:161} INFO - Started process (PID=4635) to work on /opt/airflow/dags/my_first_dag.py
[2024-11-06T06:16:25.703+0000] {processor.py:830} INFO - Processing file /opt/airflow/dags/my_first_dag.py for tasks to queue
[2024-11-06T06:16:25.706+0000] {logging_mixin.py:188} INFO - [2024-11-06T06:16:25.705+0000] {dagbag.py:538} INFO - Filling up the DagBag from /opt/airflow/dags/my_first_dag.py
[2024-11-06T06:16:25.719+0000] {processor.py:840} INFO - DAG(s) 'my_very_first_dag' retrieved from /opt/airflow/dags/my_first_dag.py
[2024-11-06T06:16:25.765+0000] {logging_mixin.py:188} INFO - [2024-11-06T06:16:25.765+0000] {dag.py:3036} INFO - Sync 1 DAGs
[2024-11-06T06:16:25.795+0000] {logging_mixin.py:188} INFO - [2024-11-06T06:16:25.795+0000] {dag.py:3823} INFO - Setting next_dagrun for my_very_first_dag to None, run_after=None
[2024-11-06T06:16:25.837+0000] {processor.py:183} INFO - Processing /opt/airflow/dags/my_first_dag.py took 0.142 seconds
[2024-11-06T06:16:56.079+0000] {processor.py:161} INFO - Started process (PID=4702) to work on /opt/airflow/dags/my_first_dag.py
[2024-11-06T06:16:56.081+0000] {processor.py:830} INFO - Processing file /opt/airflow/dags/my_first_dag.py for tasks to queue
[2024-11-06T06:16:56.085+0000] {logging_mixin.py:188} INFO - [2024-11-06T06:16:56.084+0000] {dagbag.py:538} INFO - Filling up the DagBag from /opt/airflow/dags/my_first_dag.py
[2024-11-06T06:16:56.099+0000] {processor.py:840} INFO - DAG(s) 'my_very_first_dag' retrieved from /opt/airflow/dags/my_first_dag.py
[2024-11-06T06:16:56.158+0000] {logging_mixin.py:188} INFO - [2024-11-06T06:16:56.157+0000] {dag.py:3036} INFO - Sync 1 DAGs
[2024-11-06T06:16:56.208+0000] {logging_mixin.py:188} INFO - [2024-11-06T06:16:56.207+0000] {dag.py:3823} INFO - Setting next_dagrun for my_very_first_dag to None, run_after=None
[2024-11-06T06:16:56.284+0000] {processor.py:183} INFO - Processing /opt/airflow/dags/my_first_dag.py took 0.213 seconds
[2024-11-06T06:17:03.829+0000] {processor.py:161} INFO - Started process (PID=4705) to work on /opt/airflow/dags/my_first_dag.py
[2024-11-06T06:17:03.833+0000] {processor.py:830} INFO - Processing file /opt/airflow/dags/my_first_dag.py for tasks to queue
[2024-11-06T06:17:03.838+0000] {logging_mixin.py:188} INFO - [2024-11-06T06:17:03.837+0000] {dagbag.py:538} INFO - Filling up the DagBag from /opt/airflow/dags/my_first_dag.py
[2024-11-06T06:17:03.849+0000] {processor.py:840} INFO - DAG(s) 'my_very_first_dag' retrieved from /opt/airflow/dags/my_first_dag.py
[2024-11-06T06:17:03.881+0000] {logging_mixin.py:188} INFO - [2024-11-06T06:17:03.881+0000] {dag.py:3036} INFO - Sync 1 DAGs
[2024-11-06T06:17:03.900+0000] {logging_mixin.py:188} INFO - [2024-11-06T06:17:03.900+0000] {dag.py:3823} INFO - Setting next_dagrun for my_very_first_dag to None, run_after=None
[2024-11-06T06:17:03.928+0000] {processor.py:183} INFO - Processing /opt/airflow/dags/my_first_dag.py took 0.109 seconds
[2024-11-06T06:17:34.247+0000] {processor.py:161} INFO - Started process (PID=4771) to work on /opt/airflow/dags/my_first_dag.py
[2024-11-06T06:17:34.249+0000] {processor.py:830} INFO - Processing file /opt/airflow/dags/my_first_dag.py for tasks to queue
[2024-11-06T06:17:34.252+0000] {logging_mixin.py:188} INFO - [2024-11-06T06:17:34.252+0000] {dagbag.py:538} INFO - Filling up the DagBag from /opt/airflow/dags/my_first_dag.py
[2024-11-06T06:17:34.263+0000] {processor.py:840} INFO - DAG(s) 'my_very_first_dag' retrieved from /opt/airflow/dags/my_first_dag.py
[2024-11-06T06:17:34.315+0000] {logging_mixin.py:188} INFO - [2024-11-06T06:17:34.314+0000] {dag.py:3036} INFO - Sync 1 DAGs
[2024-11-06T06:17:34.341+0000] {logging_mixin.py:188} INFO - [2024-11-06T06:17:34.341+0000] {dag.py:3823} INFO - Setting next_dagrun for my_very_first_dag to None, run_after=None
[2024-11-06T06:17:34.416+0000] {processor.py:183} INFO - Processing /opt/airflow/dags/my_first_dag.py took 0.179 seconds
[2024-11-06T06:18:04.818+0000] {processor.py:161} INFO - Started process (PID=4837) to work on /opt/airflow/dags/my_first_dag.py
[2024-11-06T06:18:04.819+0000] {processor.py:830} INFO - Processing file /opt/airflow/dags/my_first_dag.py for tasks to queue
[2024-11-06T06:18:04.823+0000] {logging_mixin.py:188} INFO - [2024-11-06T06:18:04.822+0000] {dagbag.py:538} INFO - Filling up the DagBag from /opt/airflow/dags/my_first_dag.py
[2024-11-06T06:18:04.831+0000] {processor.py:840} INFO - DAG(s) 'my_very_first_dag' retrieved from /opt/airflow/dags/my_first_dag.py
[2024-11-06T06:18:04.887+0000] {logging_mixin.py:188} INFO - [2024-11-06T06:18:04.886+0000] {dag.py:3036} INFO - Sync 1 DAGs
[2024-11-06T06:18:04.913+0000] {logging_mixin.py:188} INFO - [2024-11-06T06:18:04.912+0000] {dag.py:3823} INFO - Setting next_dagrun for my_very_first_dag to None, run_after=None
[2024-11-06T06:18:04.957+0000] {processor.py:183} INFO - Processing /opt/airflow/dags/my_first_dag.py took 0.145 seconds
[2024-11-06T06:18:35.245+0000] {processor.py:161} INFO - Started process (PID=4903) to work on /opt/airflow/dags/my_first_dag.py
[2024-11-06T06:18:35.248+0000] {processor.py:830} INFO - Processing file /opt/airflow/dags/my_first_dag.py for tasks to queue
[2024-11-06T06:18:35.251+0000] {logging_mixin.py:188} INFO - [2024-11-06T06:18:35.250+0000] {dagbag.py:538} INFO - Filling up the DagBag from /opt/airflow/dags/my_first_dag.py
[2024-11-06T06:18:35.265+0000] {processor.py:840} INFO - DAG(s) 'my_very_first_dag' retrieved from /opt/airflow/dags/my_first_dag.py
[2024-11-06T06:18:35.313+0000] {logging_mixin.py:188} INFO - [2024-11-06T06:18:35.313+0000] {dag.py:3036} INFO - Sync 1 DAGs
[2024-11-06T06:18:35.337+0000] {logging_mixin.py:188} INFO - [2024-11-06T06:18:35.337+0000] {dag.py:3823} INFO - Setting next_dagrun for my_very_first_dag to None, run_after=None
[2024-11-06T06:18:35.373+0000] {processor.py:183} INFO - Processing /opt/airflow/dags/my_first_dag.py took 0.134 seconds
[2024-11-06T06:18:52.196+0000] {processor.py:161} INFO - Started process (PID=4952) to work on /opt/airflow/dags/my_first_dag.py
[2024-11-06T06:18:52.207+0000] {processor.py:830} INFO - Processing file /opt/airflow/dags/my_first_dag.py for tasks to queue
[2024-11-06T06:18:52.211+0000] {logging_mixin.py:188} INFO - [2024-11-06T06:18:52.210+0000] {dagbag.py:538} INFO - Filling up the DagBag from /opt/airflow/dags/my_first_dag.py
[2024-11-06T06:18:52.251+0000] {processor.py:840} INFO - DAG(s) 'my_very_first_dag' retrieved from /opt/airflow/dags/my_first_dag.py
[2024-11-06T06:18:52.313+0000] {logging_mixin.py:188} INFO - [2024-11-06T06:18:52.312+0000] {dag.py:3036} INFO - Sync 1 DAGs
[2024-11-06T06:18:52.361+0000] {logging_mixin.py:188} INFO - [2024-11-06T06:18:52.360+0000] {dag.py:3823} INFO - Setting next_dagrun for my_very_first_dag to None, run_after=None
[2024-11-06T06:18:52.433+0000] {processor.py:183} INFO - Processing /opt/airflow/dags/my_first_dag.py took 0.263 seconds
[2024-11-06T06:19:22.662+0000] {processor.py:161} INFO - Started process (PID=5018) to work on /opt/airflow/dags/my_first_dag.py
[2024-11-06T06:19:22.664+0000] {processor.py:830} INFO - Processing file /opt/airflow/dags/my_first_dag.py for tasks to queue
[2024-11-06T06:19:22.667+0000] {logging_mixin.py:188} INFO - [2024-11-06T06:19:22.666+0000] {dagbag.py:538} INFO - Filling up the DagBag from /opt/airflow/dags/my_first_dag.py
[2024-11-06T06:19:22.676+0000] {processor.py:840} INFO - DAG(s) 'my_very_first_dag' retrieved from /opt/airflow/dags/my_first_dag.py
[2024-11-06T06:19:22.729+0000] {logging_mixin.py:188} INFO - [2024-11-06T06:19:22.728+0000] {dag.py:3036} INFO - Sync 1 DAGs
[2024-11-06T06:19:22.765+0000] {logging_mixin.py:188} INFO - [2024-11-06T06:19:22.764+0000] {dag.py:3823} INFO - Setting next_dagrun for my_very_first_dag to None, run_after=None
[2024-11-06T06:19:22.885+0000] {processor.py:183} INFO - Processing /opt/airflow/dags/my_first_dag.py took 0.228 seconds
[2024-11-06T06:19:53.402+0000] {processor.py:161} INFO - Started process (PID=5083) to work on /opt/airflow/dags/my_first_dag.py
[2024-11-06T06:19:53.403+0000] {processor.py:830} INFO - Processing file /opt/airflow/dags/my_first_dag.py for tasks to queue
[2024-11-06T06:19:53.407+0000] {logging_mixin.py:188} INFO - [2024-11-06T06:19:53.406+0000] {dagbag.py:538} INFO - Filling up the DagBag from /opt/airflow/dags/my_first_dag.py
[2024-11-06T06:19:53.417+0000] {processor.py:840} INFO - DAG(s) 'my_very_first_dag' retrieved from /opt/airflow/dags/my_first_dag.py
[2024-11-06T06:19:53.460+0000] {logging_mixin.py:188} INFO - [2024-11-06T06:19:53.459+0000] {dag.py:3036} INFO - Sync 1 DAGs
[2024-11-06T06:19:53.490+0000] {logging_mixin.py:188} INFO - [2024-11-06T06:19:53.489+0000] {dag.py:3823} INFO - Setting next_dagrun for my_very_first_dag to None, run_after=None
[2024-11-06T06:19:53.534+0000] {processor.py:183} INFO - Processing /opt/airflow/dags/my_first_dag.py took 0.139 seconds
[2024-11-06T06:19:56.201+0000] {processor.py:161} INFO - Started process (PID=5091) to work on /opt/airflow/dags/my_first_dag.py
[2024-11-06T06:19:56.203+0000] {processor.py:830} INFO - Processing file /opt/airflow/dags/my_first_dag.py for tasks to queue
[2024-11-06T06:19:56.207+0000] {logging_mixin.py:188} INFO - [2024-11-06T06:19:56.207+0000] {dagbag.py:538} INFO - Filling up the DagBag from /opt/airflow/dags/my_first_dag.py
[2024-11-06T06:19:56.243+0000] {processor.py:840} INFO - DAG(s) 'my_dag_of_the_morning' retrieved from /opt/airflow/dags/my_first_dag.py
[2024-11-06T06:19:56.556+0000] {logging_mixin.py:188} INFO - [2024-11-06T06:19:56.555+0000] {override.py:1769} INFO - Created Permission View: can delete on DAG:my_dag_of_the_morning
[2024-11-06T06:19:56.574+0000] {logging_mixin.py:188} INFO - [2024-11-06T06:19:56.574+0000] {override.py:1769} INFO - Created Permission View: can edit on DAG:my_dag_of_the_morning
[2024-11-06T06:19:56.590+0000] {logging_mixin.py:188} INFO - [2024-11-06T06:19:56.589+0000] {override.py:1769} INFO - Created Permission View: can read on DAG:my_dag_of_the_morning
[2024-11-06T06:19:56.591+0000] {logging_mixin.py:188} INFO - [2024-11-06T06:19:56.590+0000] {dag.py:3036} INFO - Sync 1 DAGs
[2024-11-06T06:19:56.626+0000] {logging_mixin.py:188} INFO - [2024-11-06T06:19:56.626+0000] {dag.py:3058} INFO - Creating ORM DAG for my_dag_of_the_morning
[2024-11-06T06:19:56.627+0000] {logging_mixin.py:188} INFO - [2024-11-06T06:19:56.627+0000] {dag.py:3823} INFO - Setting next_dagrun for my_dag_of_the_morning to None, run_after=None
[2024-11-06T06:19:56.743+0000] {processor.py:183} INFO - Processing /opt/airflow/dags/my_first_dag.py took 0.556 seconds
[2024-11-06T06:20:27.402+0000] {processor.py:161} INFO - Started process (PID=5157) to work on /opt/airflow/dags/my_first_dag.py
[2024-11-06T06:20:27.404+0000] {processor.py:830} INFO - Processing file /opt/airflow/dags/my_first_dag.py for tasks to queue
[2024-11-06T06:20:27.406+0000] {logging_mixin.py:188} INFO - [2024-11-06T06:20:27.405+0000] {dagbag.py:538} INFO - Filling up the DagBag from /opt/airflow/dags/my_first_dag.py
[2024-11-06T06:20:27.415+0000] {processor.py:840} INFO - DAG(s) 'my_dag_of_the_morning' retrieved from /opt/airflow/dags/my_first_dag.py
[2024-11-06T06:20:27.448+0000] {logging_mixin.py:188} INFO - [2024-11-06T06:20:27.448+0000] {dag.py:3036} INFO - Sync 1 DAGs
[2024-11-06T06:20:27.470+0000] {logging_mixin.py:188} INFO - [2024-11-06T06:20:27.469+0000] {dag.py:3823} INFO - Setting next_dagrun for my_dag_of_the_morning to None, run_after=None
[2024-11-06T06:20:27.499+0000] {processor.py:183} INFO - Processing /opt/airflow/dags/my_first_dag.py took 0.102 seconds
[2024-11-06T06:20:57.969+0000] {processor.py:161} INFO - Started process (PID=5224) to work on /opt/airflow/dags/my_first_dag.py
[2024-11-06T06:20:57.970+0000] {processor.py:830} INFO - Processing file /opt/airflow/dags/my_first_dag.py for tasks to queue
[2024-11-06T06:20:57.974+0000] {logging_mixin.py:188} INFO - [2024-11-06T06:20:57.973+0000] {dagbag.py:538} INFO - Filling up the DagBag from /opt/airflow/dags/my_first_dag.py
[2024-11-06T06:20:57.986+0000] {processor.py:840} INFO - DAG(s) 'my_dag_of_the_morning' retrieved from /opt/airflow/dags/my_first_dag.py
[2024-11-06T06:20:58.028+0000] {logging_mixin.py:188} INFO - [2024-11-06T06:20:58.027+0000] {dag.py:3036} INFO - Sync 1 DAGs
[2024-11-06T06:20:58.055+0000] {logging_mixin.py:188} INFO - [2024-11-06T06:20:58.054+0000] {dag.py:3823} INFO - Setting next_dagrun for my_dag_of_the_morning to None, run_after=None
[2024-11-06T06:20:58.095+0000] {processor.py:183} INFO - Processing /opt/airflow/dags/my_first_dag.py took 0.133 seconds
[2024-11-06T06:21:28.426+0000] {processor.py:161} INFO - Started process (PID=5290) to work on /opt/airflow/dags/my_first_dag.py
[2024-11-06T06:21:28.427+0000] {processor.py:830} INFO - Processing file /opt/airflow/dags/my_first_dag.py for tasks to queue
[2024-11-06T06:21:28.430+0000] {logging_mixin.py:188} INFO - [2024-11-06T06:21:28.429+0000] {dagbag.py:538} INFO - Filling up the DagBag from /opt/airflow/dags/my_first_dag.py
[2024-11-06T06:21:28.439+0000] {processor.py:840} INFO - DAG(s) 'my_dag_of_the_morning' retrieved from /opt/airflow/dags/my_first_dag.py
[2024-11-06T06:21:28.481+0000] {logging_mixin.py:188} INFO - [2024-11-06T06:21:28.481+0000] {dag.py:3036} INFO - Sync 1 DAGs
[2024-11-06T06:21:28.507+0000] {logging_mixin.py:188} INFO - [2024-11-06T06:21:28.507+0000] {dag.py:3823} INFO - Setting next_dagrun for my_dag_of_the_morning to None, run_after=None
[2024-11-06T06:21:28.543+0000] {processor.py:183} INFO - Processing /opt/airflow/dags/my_first_dag.py took 0.124 seconds
[2024-11-06T06:21:59.050+0000] {processor.py:161} INFO - Started process (PID=5356) to work on /opt/airflow/dags/my_first_dag.py
[2024-11-06T06:21:59.052+0000] {processor.py:830} INFO - Processing file /opt/airflow/dags/my_first_dag.py for tasks to queue
[2024-11-06T06:21:59.055+0000] {logging_mixin.py:188} INFO - [2024-11-06T06:21:59.054+0000] {dagbag.py:538} INFO - Filling up the DagBag from /opt/airflow/dags/my_first_dag.py
[2024-11-06T06:21:59.071+0000] {processor.py:840} INFO - DAG(s) 'my_dag_of_the_morning' retrieved from /opt/airflow/dags/my_first_dag.py
[2024-11-06T06:21:59.128+0000] {logging_mixin.py:188} INFO - [2024-11-06T06:21:59.127+0000] {dag.py:3036} INFO - Sync 1 DAGs
[2024-11-06T06:21:59.165+0000] {logging_mixin.py:188} INFO - [2024-11-06T06:21:59.164+0000] {dag.py:3823} INFO - Setting next_dagrun for my_dag_of_the_morning to None, run_after=None
[2024-11-06T06:21:59.237+0000] {processor.py:183} INFO - Processing /opt/airflow/dags/my_first_dag.py took 0.197 seconds
[2024-11-06T06:22:29.655+0000] {processor.py:161} INFO - Started process (PID=5430) to work on /opt/airflow/dags/my_first_dag.py
[2024-11-06T06:22:29.656+0000] {processor.py:830} INFO - Processing file /opt/airflow/dags/my_first_dag.py for tasks to queue
[2024-11-06T06:22:29.657+0000] {logging_mixin.py:188} INFO - [2024-11-06T06:22:29.657+0000] {dagbag.py:538} INFO - Filling up the DagBag from /opt/airflow/dags/my_first_dag.py
[2024-11-06T06:22:29.668+0000] {processor.py:840} INFO - DAG(s) 'my_dag_of_the_morning' retrieved from /opt/airflow/dags/my_first_dag.py
[2024-11-06T06:22:29.703+0000] {logging_mixin.py:188} INFO - [2024-11-06T06:22:29.703+0000] {dag.py:3036} INFO - Sync 1 DAGs
[2024-11-06T06:22:29.723+0000] {logging_mixin.py:188} INFO - [2024-11-06T06:22:29.723+0000] {dag.py:3823} INFO - Setting next_dagrun for my_dag_of_the_morning to None, run_after=None
[2024-11-06T06:22:29.756+0000] {processor.py:183} INFO - Processing /opt/airflow/dags/my_first_dag.py took 0.107 seconds
